2023-09-01 16:42:03.882 [info] Extension host with pid 9647 started
2023-09-01 16:42:03.917 [info] ExtensionService#_doActivateExtension vscode.emmet, startup: false, activationEvent: 'onLanguage'
2023-09-01 16:42:03.956 [info] ExtensionService#_doActivateExtension vscode.git-base, startup: true, activationEvent: '*'
2023-09-01 16:42:03.961 [info] ExtensionService#_doActivateExtension Catppuccin.catppuccin-vsc, startup: true, activationEvent: '*'
2023-09-01 16:42:03.977 [info] ExtensionService#_doActivateExtension vscode.github, startup: true, activationEvent: '*'
2023-09-01 16:42:03.991 [info] Eager extensions activated
2023-09-01 16:42:03.994 [info] ExtensionService#_doActivateExtension vscode.debug-auto-launch, startup: false, activationEvent: 'onStartupFinished'
2023-09-01 16:42:03.996 [info] ExtensionService#_doActivateExtension vscode.merge-conflict, startup: false, activationEvent: 'onStartupFinished'
2023-09-01 16:42:04.873 [info] ExtensionService#_doActivateExtension vscode.extension-editing, startup: false, activationEvent: 'onLanguage:json'
2023-09-01 16:42:04.882 [info] ExtensionService#_doActivateExtension vscode.json-language-features, startup: false, activationEvent: 'onLanguage:json'
2023-09-01 16:42:04.916 [info] ExtensionService#_doActivateExtension vscode.npm, startup: false, activationEvent: 'onLanguage:json'
2023-09-01 16:42:05.676 [info] ExtensionService#_doActivateExtension vscode.css-language-features, startup: false, activationEvent: 'onLanguage:css'
2023-09-01 16:46:38.652 [info] ExtensionService#_doActivateExtension vscode.typescript-language-features, startup: false, activationEvent: 'onLanguage:jsonc'
2023-09-01 16:51:11.231 [info] Extension host terminating: renderer closed the MessagePort
2023-09-01 16:51:11.240 [info] Extension host with pid 9647 exiting with code 0
2023-09-01 16:51:12.861 [info] Extension host with pid 10894 started
2023-09-01 16:51:12.909 [info] ExtensionService#_doActivateExtension vscode.emmet, startup: false, activationEvent: 'onLanguage'
2023-09-01 16:51:12.943 [info] ExtensionService#_doActivateExtension vscode.git-base, startup: true, activationEvent: '*'
2023-09-01 16:51:12.945 [info] ExtensionService#_doActivateExtension Catppuccin.catppuccin-vsc, startup: true, activationEvent: '*'
2023-09-01 16:51:12.955 [info] ExtensionService#_doActivateExtension vscode.github, startup: true, activationEvent: '*'
2023-09-01 16:51:12.964 [info] Eager extensions activated
2023-09-01 16:51:12.968 [info] ExtensionService#_doActivateExtension vscode.debug-auto-launch, startup: false, activationEvent: 'onStartupFinished'
2023-09-01 16:51:12.970 [info] ExtensionService#_doActivateExtension vscode.merge-conflict, startup: false, activationEvent: 'onStartupFinished'
2023-09-01 16:51:13.734 [info] ExtensionService#_doActivateExtension vscode.extension-editing, startup: false, activationEvent: 'onLanguage:json'
2023-09-01 16:51:13.741 [info] ExtensionService#_doActivateExtension vscode.json-language-features, startup: false, activationEvent: 'onLanguage:json'
2023-09-01 16:51:13.771 [info] ExtensionService#_doActivateExtension vscode.npm, startup: false, activationEvent: 'onLanguage:json'
2023-09-01 16:51:31.860 [info] ExtensionService#_doActivateExtension vscode.typescript-language-features, startup: false, activationEvent: 'onLanguage:jsonc'
2023-09-01 16:52:17.974 [info] Extension host terminating: renderer closed the MessagePort
2023-09-01 16:52:17.983 [info] Extension host with pid 10894 exiting with code 0
2023-09-01 16:52:19.609 [info] Extension host with pid 10995 started
2023-09-01 16:52:19.639 [info] ExtensionService#_doActivateExtension vscode.emmet, startup: false, activationEvent: 'onLanguage'
2023-09-01 16:52:19.662 [info] ExtensionService#_doActivateExtension vscode.git-base, startup: true, activationEvent: '*'
2023-09-01 16:52:19.664 [info] ExtensionService#_doActivateExtension Catppuccin.catppuccin-vsc, startup: true, activationEvent: '*'
2023-09-01 16:52:19.669 [info] ExtensionService#_doActivateExtension vscode.github, startup: true, activationEvent: '*'
2023-09-01 16:52:19.675 [info] Eager extensions activated
2023-09-01 16:52:19.677 [info] ExtensionService#_doActivateExtension vscode.debug-auto-launch, startup: false, activationEvent: 'onStartupFinished'
2023-09-01 16:52:19.680 [info] ExtensionService#_doActivateExtension vscode.merge-conflict, startup: false, activationEvent: 'onStartupFinished'
2023-09-01 16:52:20.530 [info] ExtensionService#_doActivateExtension vscode.extension-editing, startup: false, activationEvent: 'onLanguage:json'
2023-09-01 16:52:20.537 [info] ExtensionService#_doActivateExtension vscode.json-language-features, startup: false, activationEvent: 'onLanguage:json'
2023-09-01 16:52:20.554 [info] ExtensionService#_doActivateExtension vscode.npm, startup: false, activationEvent: 'onLanguage:json'
2023-09-01 16:52:32.119 [info] ExtensionService#_doActivateExtension vscode.typescript-language-features, startup: false, activationEvent: 'onLanguage:jsonc'
2023-09-01 16:52:37.196 [info] Extension host terminating: renderer closed the MessagePort
2023-09-01 16:52:37.203 [info] Extension host with pid 10995 exiting with code 0
2023-09-01 16:52:38.136 [info] Extension host with pid 11050 started
2023-09-01 16:52:38.162 [info] ExtensionService#_doActivateExtension vscode.emmet, startup: false, activationEvent: 'onLanguage'
2023-09-01 16:52:38.176 [info] ExtensionService#_doActivateExtension vscode.git-base, startup: true, activationEvent: '*'
2023-09-01 16:52:38.178 [info] ExtensionService#_doActivateExtension Catppuccin.catppuccin-vsc, startup: true, activationEvent: '*'
2023-09-01 16:52:38.251 [info] ExtensionService#_doActivateExtension vscode.github, startup: true, activationEvent: '*'
2023-09-01 16:52:38.275 [info] Eager extensions activated
2023-09-01 16:52:38.276 [info] ExtensionService#_doActivateExtension vscode.debug-auto-launch, startup: false, activationEvent: 'onStartupFinished'
2023-09-01 16:52:38.278 [info] ExtensionService#_doActivateExtension vscode.merge-conflict, startup: false, activationEvent: 'onStartupFinished'
2023-09-01 16:52:38.984 [info] ExtensionService#_doActivateExtension vscode.extension-editing, startup: false, activationEvent: 'onLanguage:json'
2023-09-01 16:52:38.988 [info] ExtensionService#_doActivateExtension vscode.json-language-features, startup: false, activationEvent: 'onLanguage:json'
2023-09-01 16:52:39.007 [info] ExtensionService#_doActivateExtension vscode.npm, startup: false, activationEvent: 'onLanguage:json'
2023-09-01 16:52:41.826 [info] ExtensionService#_doActivateExtension vscode.git, startup: false, activationEvent: 'api', root cause: vscode.github
2023-09-01 16:52:41.873 [info] ExtensionService#_doActivateExtension Janne252.fontawesome-autocomplete, startup: false, activationEvent: '*'
2023-09-01 16:52:46.331 [info] Extension host terminating: renderer closed the MessagePort
2023-09-01 16:52:46.339 [info] Extension host with pid 11050 exiting with code 0
