2023-09-01 16:42:03.410 [info] Added views:workbench.panel.markers.view in workbench.panel.markers
2023-09-01 16:42:03.410 [info] Added views:workbench.panel.output in workbench.panel.output
2023-09-01 16:42:03.410 [info] Added views:terminal in terminal
2023-09-01 16:42:03.410 [info] Added views:outline in workbench.view.explorer
2023-09-01 16:42:03.410 [info] Added views:workbench.scm in workbench.view.scm
2023-09-01 16:42:03.410 [info] Added views:workbench.view.search in workbench.view.search
2023-09-01 16:42:03.410 [info] Added views:timeline in workbench.view.explorer
2023-09-01 16:42:03.410 [info] Added views:workbench.explorer.emptyView in workbench.view.explorer
2023-09-01 16:42:03.651 [info] Added views:workbench.debug.variablesView,workbench.debug.watchExpressionsView,workbench.debug.callStackView,workbench.debug.breakPointsView in workbench.view.debug
2023-09-01 16:42:03.918 [info] Added views:workbench.panel.repl.view in workbench.panel.repl
2023-09-01 16:42:03.920 [info] Removed views:workbench.debug.breakPointsView,workbench.debug.callStackView,workbench.debug.watchExpressionsView,workbench.debug.variablesView from workbench.view.debug
2023-09-01 16:42:03.922 [info] Added views:workbench.debug.welcome in workbench.view.debug
2023-09-01 16:51:12.440 [info] Added views:workbench.panel.markers.view in workbench.panel.markers
2023-09-01 16:51:12.440 [info] Added views:workbench.panel.output in workbench.panel.output
2023-09-01 16:51:12.440 [info] Added views:terminal in terminal
2023-09-01 16:51:12.440 [info] Added views:outline in workbench.view.explorer
2023-09-01 16:51:12.440 [info] Added views:workbench.scm in workbench.view.scm
2023-09-01 16:51:12.440 [info] Added views:workbench.view.search in workbench.view.search
2023-09-01 16:51:12.440 [info] Added views:timeline in workbench.view.explorer
2023-09-01 16:51:12.440 [info] Added views:workbench.explorer.emptyView in workbench.view.explorer
2023-09-01 16:51:12.739 [info] Added views:workbench.debug.welcome in workbench.view.debug
2023-09-01 16:51:12.910 [info] Added views:workbench.panel.repl.view in workbench.panel.repl
2023-09-01 16:52:19.160 [info] Added views:workbench.panel.markers.view in workbench.panel.markers
2023-09-01 16:52:19.160 [info] Added views:workbench.panel.output in workbench.panel.output
2023-09-01 16:52:19.160 [info] Added views:terminal in terminal
2023-09-01 16:52:19.160 [info] Added views:outline in workbench.view.explorer
2023-09-01 16:52:19.160 [info] Added views:workbench.scm in workbench.view.scm
2023-09-01 16:52:19.160 [info] Added views:workbench.view.search in workbench.view.search
2023-09-01 16:52:19.160 [info] Added views:timeline in workbench.view.explorer
2023-09-01 16:52:19.160 [info] Added views:workbench.explorer.emptyView in workbench.view.explorer
2023-09-01 16:52:19.283 [info] Added views:workbench.debug.welcome in workbench.view.debug
2023-09-01 16:52:19.640 [info] Added views:workbench.panel.repl.view in workbench.panel.repl
2023-09-01 16:52:37.670 [info] Added views:workbench.panel.markers.view in workbench.panel.markers
2023-09-01 16:52:37.670 [info] Added views:workbench.panel.output in workbench.panel.output
2023-09-01 16:52:37.670 [info] Added views:terminal in terminal
2023-09-01 16:52:37.670 [info] Added views:outline in workbench.view.explorer
2023-09-01 16:52:37.670 [info] Added views:workbench.scm in workbench.view.scm
2023-09-01 16:52:37.670 [info] Added views:workbench.view.search in workbench.view.search
2023-09-01 16:52:37.670 [info] Added views:timeline in workbench.view.explorer
2023-09-01 16:52:37.670 [info] Added views:workbench.explorer.emptyView in workbench.view.explorer
2023-09-01 16:52:37.798 [info] Added views:workbench.debug.welcome in workbench.view.debug
2023-09-01 16:52:38.163 [info] Added views:workbench.panel.repl.view in workbench.panel.repl
