2023-09-01 16:52:50.820 [info] Log level: Info
2023-09-01 16:52:50.820 [info] Validating found git in: "git"
2023-09-01 16:52:50.820 [info] Using git "2.42.0" from "git"
2023-09-01 16:52:52.096 [info] > git rev-parse --show-toplevel [2ms]
2023-09-01 16:52:52.096 [info] fatal: not a git repository (or any parent up to mount point /)
Stopping at filesystem boundary (GIT_DISCOVERY_ACROSS_FILESYSTEM not set).
2023-09-01 16:53:11.991 [info] > git rev-parse --show-toplevel [5ms]
2023-09-01 16:53:11.991 [info] fatal: not a git repository (or any parent up to mount point /)
Stopping at filesystem boundary (GIT_DISCOVERY_ACROSS_FILESYSTEM not set).
2023-09-01 16:53:26.562 [info] > git rev-parse --show-toplevel [1ms]
2023-09-01 16:53:26.562 [info] fatal: not a git repository (or any parent up to mount point /)
Stopping at filesystem boundary (GIT_DISCOVERY_ACROSS_FILESYSTEM not set).
2023-09-01 16:53:48.059 [info] > git rev-parse --show-toplevel [2ms]
2023-09-01 16:53:48.059 [info] fatal: not a git repository (or any parent up to mount point /)
Stopping at filesystem boundary (GIT_DISCOVERY_ACROSS_FILESYSTEM not set).
2023-09-01 16:55:34.962 [info] > git rev-parse --show-toplevel [2ms]
2023-09-01 16:55:34.962 [info] fatal: not a git repository (or any parent up to mount point /)
Stopping at filesystem boundary (GIT_DISCOVERY_ACROSS_FILESYSTEM not set).
2023-09-01 16:55:56.273 [info] > git rev-parse --show-toplevel [1ms]
2023-09-01 16:55:56.273 [info] fatal: not a git repository (or any parent up to mount point /)
Stopping at filesystem boundary (GIT_DISCOVERY_ACROSS_FILESYSTEM not set).
2023-09-01 16:56:37.061 [info] > git rev-parse --show-toplevel [2ms]
2023-09-01 16:56:37.062 [info] fatal: not a git repository (or any parent up to mount point /)
Stopping at filesystem boundary (GIT_DISCOVERY_ACROSS_FILESYSTEM not set).
2023-09-01 16:57:16.188 [info] > git rev-parse --show-toplevel [2ms]
2023-09-01 16:57:16.188 [info] fatal: not a git repository (or any parent up to mount point /)
Stopping at filesystem boundary (GIT_DISCOVERY_ACROSS_FILESYSTEM not set).
2023-09-01 16:58:46.883 [info] > git rev-parse --show-toplevel [3ms]
2023-09-01 16:58:46.883 [info] fatal: not a git repository (or any parent up to mount point /)
Stopping at filesystem boundary (GIT_DISCOVERY_ACROSS_FILESYSTEM not set).
2023-09-01 16:58:58.887 [info] > git rev-parse --show-toplevel [1ms]
2023-09-01 16:58:58.887 [info] fatal: not a git repository (or any parent up to mount point /)
Stopping at filesystem boundary (GIT_DISCOVERY_ACROSS_FILESYSTEM not set).
2023-09-01 16:59:24.480 [info] > git rev-parse --show-toplevel [2ms]
2023-09-01 16:59:24.480 [info] fatal: not a git repository (or any parent up to mount point /)
Stopping at filesystem boundary (GIT_DISCOVERY_ACROSS_FILESYSTEM not set).
2023-09-01 16:59:34.770 [info] > git rev-parse --show-toplevel [1ms]
2023-09-01 16:59:34.770 [info] fatal: not a git repository (or any parent up to mount point /)
Stopping at filesystem boundary (GIT_DISCOVERY_ACROSS_FILESYSTEM not set).
2023-09-01 17:02:20.901 [info] > git rev-parse --show-toplevel [2ms]
2023-09-01 17:02:20.901 [info] fatal: not a git repository (or any parent up to mount point /)
Stopping at filesystem boundary (GIT_DISCOVERY_ACROSS_FILESYSTEM not set).
2023-09-01 17:04:46.816 [info] > git rev-parse --show-toplevel [1ms]
2023-09-01 17:04:46.816 [info] fatal: not a git repository (or any parent up to mount point /)
Stopping at filesystem boundary (GIT_DISCOVERY_ACROSS_FILESYSTEM not set).
2023-09-01 17:06:56.029 [info] > git rev-parse --show-toplevel [1ms]
2023-09-01 17:06:56.029 [info] fatal: not a git repository (or any parent up to mount point /)
Stopping at filesystem boundary (GIT_DISCOVERY_ACROSS_FILESYSTEM not set).
2023-09-01 17:07:00.667 [info] > git rev-parse --show-toplevel [2ms]
2023-09-01 17:07:00.667 [info] fatal: not a git repository (or any parent up to mount point /)
Stopping at filesystem boundary (GIT_DISCOVERY_ACROSS_FILESYSTEM not set).
2023-09-01 17:07:07.046 [info] > git rev-parse --show-toplevel [1ms]
2023-09-01 17:07:07.046 [info] fatal: not a git repository (or any parent up to mount point /)
Stopping at filesystem boundary (GIT_DISCOVERY_ACROSS_FILESYSTEM not set).
2023-09-01 17:07:50.675 [info] > git rev-parse --show-toplevel [2ms]
2023-09-01 17:07:50.675 [info] fatal: not a git repository (or any parent up to mount point /)
Stopping at filesystem boundary (GIT_DISCOVERY_ACROSS_FILESYSTEM not set).
2023-09-01 17:07:55.021 [info] > git rev-parse --show-toplevel [3ms]
2023-09-01 17:07:55.021 [info] fatal: not a git repository (or any parent up to mount point /)
Stopping at filesystem boundary (GIT_DISCOVERY_ACROSS_FILESYSTEM not set).
2023-09-01 17:07:57.793 [info] > git rev-parse --show-toplevel [2ms]
2023-09-01 17:07:57.794 [info] fatal: not a git repository (or any parent up to mount point /)
Stopping at filesystem boundary (GIT_DISCOVERY_ACROSS_FILESYSTEM not set).
2023-09-01 17:09:15.748 [info] > git rev-parse --show-toplevel [1ms]
2023-09-01 17:09:15.748 [info] fatal: not a git repository (or any parent up to mount point /)
Stopping at filesystem boundary (GIT_DISCOVERY_ACROSS_FILESYSTEM not set).
2023-09-01 17:10:04.155 [info] > git rev-parse --show-toplevel [4ms]
2023-09-01 17:10:04.155 [info] fatal: not a git repository (or any parent up to mount point /)
Stopping at filesystem boundary (GIT_DISCOVERY_ACROSS_FILESYSTEM not set).
2023-09-01 17:14:11.213 [info] > git rev-parse --show-toplevel [1ms]
2023-09-01 17:14:11.213 [info] fatal: not a git repository (or any parent up to mount point /)
Stopping at filesystem boundary (GIT_DISCOVERY_ACROSS_FILESYSTEM not set).
2023-09-01 17:14:41.477 [info] > git rev-parse --show-toplevel [1ms]
2023-09-01 17:14:41.477 [info] fatal: not a git repository (or any parent up to mount point /)
Stopping at filesystem boundary (GIT_DISCOVERY_ACROSS_FILESYSTEM not set).
2023-09-01 17:15:11.937 [info] > git rev-parse --show-toplevel [1ms]
2023-09-01 17:15:11.938 [info] fatal: not a git repository (or any parent up to mount point /)
Stopping at filesystem boundary (GIT_DISCOVERY_ACROSS_FILESYSTEM not set).
2023-09-01 17:15:37.281 [info] > git rev-parse --show-toplevel [1ms]
2023-09-01 17:15:37.281 [info] fatal: not a git repository (or any parent up to mount point /)
Stopping at filesystem boundary (GIT_DISCOVERY_ACROSS_FILESYSTEM not set).
2023-09-01 17:16:19.582 [info] > git rev-parse --show-toplevel [2ms]
2023-09-01 17:16:19.582 [info] fatal: not a git repository (or any parent up to mount point /)
Stopping at filesystem boundary (GIT_DISCOVERY_ACROSS_FILESYSTEM not set).
2023-09-01 17:16:44.672 [info] > git rev-parse --show-toplevel [2ms]
2023-09-01 17:16:44.672 [info] fatal: not a git repository (or any parent up to mount point /)
Stopping at filesystem boundary (GIT_DISCOVERY_ACROSS_FILESYSTEM not set).
